Determining if the include file malloc/malloc.h exists failed with the following output:
Change Dir: /media/windows/win2/Research/llvm_release_build/CMakeFiles/CMakeTmp

Run Build Command:"/usr/bin/ninja" "cmTC_219df"
[1/2] Building C object CMakeFiles/cmTC_219df.dir/CheckIncludeFile.c.o
FAILED: /usr/bin/cc     -o CMakeFiles/cmTC_219df.dir/CheckIncludeFile.c.o   -c /media/windows/win2/Research/llvm_release_build/CMakeFiles/CMakeTmp/CheckIncludeFile.c
/media/windows/win2/Research/llvm_release_build/CMakeFiles/CMakeTmp/CheckIncludeFile.c:1:27: fatal error: malloc/malloc.h: No such file or directory
 #include <malloc/malloc.h>
                           ^
compilation terminated.
ninja: build stopped: subcommand failed.


Determining if the include file ndir.h exists failed with the following output:
Change Dir: /media/windows/win2/Research/llvm_release_build/CMakeFiles/CMakeTmp

Run Build Command:"/usr/bin/ninja" "cmTC_1a622"
[1/2] Building C object CMakeFiles/cmTC_1a622.dir/CheckIncludeFile.c.o
FAILED: /usr/bin/cc     -o CMakeFiles/cmTC_1a622.dir/CheckIncludeFile.c.o   -c /media/windows/win2/Research/llvm_release_build/CMakeFiles/CMakeTmp/CheckIncludeFile.c
/media/windows/win2/Research/llvm_release_build/CMakeFiles/CMakeTmp/CheckIncludeFile.c:1:18: fatal error: ndir.h: No such file or directory
 #include <ndir.h>
                  ^
compilation terminated.
ninja: build stopped: subcommand failed.


Determining if the include file sys/ndir.h exists failed with the following output:
Change Dir: /media/windows/win2/Research/llvm_release_build/CMakeFiles/CMakeTmp

Run Build Command:"/usr/bin/ninja" "cmTC_d1638"
[1/2] Building C object CMakeFiles/cmTC_d1638.dir/CheckIncludeFile.c.o
FAILED: /usr/bin/cc     -o CMakeFiles/cmTC_d1638.dir/CheckIncludeFile.c.o   -c /media/windows/win2/Research/llvm_release_build/CMakeFiles/CMakeTmp/CheckIncludeFile.c
/media/windows/win2/Research/llvm_release_build/CMakeFiles/CMakeTmp/CheckIncludeFile.c:1:22: fatal error: sys/ndir.h: No such file or directory
 #include <sys/ndir.h>
                      ^
compilation terminated.
ninja: build stopped: subcommand failed.


Determining if the include file valgrind/valgrind.h exists failed with the following output:
Change Dir: /media/windows/win2/Research/llvm_release_build/CMakeFiles/CMakeTmp

Run Build Command:"/usr/bin/ninja" "cmTC_57503"
[1/2] Building C object CMakeFiles/cmTC_57503.dir/CheckIncludeFile.c.o
FAILED: /usr/bin/cc     -o CMakeFiles/cmTC_57503.dir/CheckIncludeFile.c.o   -c /media/windows/win2/Research/llvm_release_build/CMakeFiles/CMakeTmp/CheckIncludeFile.c
/media/windows/win2/Research/llvm_release_build/CMakeFiles/CMakeTmp/CheckIncludeFile.c:1:31: fatal error: valgrind/valgrind.h: No such file or directory
 #include <valgrind/valgrind.h>
                               ^
compilation terminated.
ninja: build stopped: subcommand failed.


Determining if the include file mach/mach.h exists failed with the following output:
Change Dir: /media/windows/win2/Research/llvm_release_build/CMakeFiles/CMakeTmp

Run Build Command:"/usr/bin/ninja" "cmTC_33b21"
[1/2] Building C object CMakeFiles/cmTC_33b21.dir/CheckIncludeFile.c.o
FAILED: /usr/bin/cc     -o CMakeFiles/cmTC_33b21.dir/CheckIncludeFile.c.o   -c /media/windows/win2/Research/llvm_release_build/CMakeFiles/CMakeTmp/CheckIncludeFile.c
/media/windows/win2/Research/llvm_release_build/CMakeFiles/CMakeTmp/CheckIncludeFile.c:1:23: fatal error: mach/mach.h: No such file or directory
 #include <mach/mach.h>
                       ^
compilation terminated.
ninja: build stopped: subcommand failed.


Determining if the include file histedit.h exists failed with the following output:
Change Dir: /media/windows/win2/Research/llvm_release_build/CMakeFiles/CMakeTmp

Run Build Command:"/usr/bin/ninja" "cmTC_bd47e"
[1/2] Building C object CMakeFiles/cmTC_bd47e.dir/CheckIncludeFile.c.o
FAILED: /usr/bin/cc     -o CMakeFiles/cmTC_bd47e.dir/CheckIncludeFile.c.o   -c /media/windows/win2/Research/llvm_release_build/CMakeFiles/CMakeTmp/CheckIncludeFile.c
/media/windows/win2/Research/llvm_release_build/CMakeFiles/CMakeTmp/CheckIncludeFile.c:1:22: fatal error: histedit.h: No such file or directory
 #include <histedit.h>
                      ^
compilation terminated.
ninja: build stopped: subcommand failed.


Determining if the include file CrashReporterClient.h exists failed with the following output:
Change Dir: /media/windows/win2/Research/llvm_release_build/CMakeFiles/CMakeTmp

Run Build Command:"/usr/bin/ninja" "cmTC_44d8f"
[1/2] Building C object CMakeFiles/cmTC_44d8f.dir/CheckIncludeFile.c.o
FAILED: /usr/bin/cc     -o CMakeFiles/cmTC_44d8f.dir/CheckIncludeFile.c.o   -c /media/windows/win2/Research/llvm_release_build/CMakeFiles/CMakeTmp/CheckIncludeFile.c
/media/windows/win2/Research/llvm_release_build/CMakeFiles/CMakeTmp/CheckIncludeFile.c:1:33: fatal error: CrashReporterClient.h: No such file or directory
 #include <CrashReporterClient.h>
                                 ^
compilation terminated.
ninja: build stopped: subcommand failed.


Determining if the pthread_create exist failed with the following output:
Change Dir: /media/windows/win2/Research/llvm_release_build/CMakeFiles/CMakeTmp

Run Build Command:"/usr/bin/ninja" "cmTC_65868"
[1/2] Building C object CMakeFiles/cmTC_65868.dir/CheckSymbolExists.c.o
[2/2] Linking C executable cmTC_65868
FAILED: : && /usr/bin/cc     CMakeFiles/cmTC_65868.dir/CheckSymbolExists.c.o  -o cmTC_65868  -lm && :
CMakeFiles/cmTC_65868.dir/CheckSymbolExists.c.o: In function `main':
CheckSymbolExists.c:(.text+0x16): undefined reference to `pthread_create'
collect2: error: ld returned 1 exit status
ninja: build stopped: subcommand failed.

File /media/windows/win2/Research/llvm_release_build/CMakeFiles/CMakeTmp/CheckSymbolExists.c:
/* */
#include <pthread.h>

int main(int argc, char** argv)
{
  (void)argv;
#ifndef pthread_create
  return ((int*)(&pthread_create))[argc];
#else
  (void)argc;
  return 0;
#endif
}

Determining if the function pthread_create exists in the pthreads failed with the following output:
Change Dir: /media/windows/win2/Research/llvm_release_build/CMakeFiles/CMakeTmp

Run Build Command:"/usr/bin/ninja" "cmTC_78143"
[1/2] Building C object CMakeFiles/cmTC_78143.dir/CheckFunctionExists.c.o
[2/2] Linking C executable cmTC_78143
FAILED: : && /usr/bin/cc  -DCHECK_FUNCTION_EXISTS=pthread_create   CMakeFiles/cmTC_78143.dir/CheckFunctionExists.c.o  -o cmTC_78143  -lpthreads -lm && :
/usr/bin/ld: cannot find -lpthreads
collect2: error: ld returned 1 exit status
ninja: build stopped: subcommand failed.


Determining if the function xar_open exists in the xar failed with the following output:
Change Dir: /media/windows/win2/Research/llvm_release_build/CMakeFiles/CMakeTmp

Run Build Command:"/usr/bin/ninja" "cmTC_fd3c4"
[1/2] Building C object CMakeFiles/cmTC_fd3c4.dir/CheckFunctionExists.c.o
[2/2] Linking C executable cmTC_fd3c4
FAILED: : && /usr/bin/cc  -DCHECK_FUNCTION_EXISTS=xar_open   CMakeFiles/cmTC_fd3c4.dir/CheckFunctionExists.c.o  -o cmTC_fd3c4  -lxar -lm && :
/usr/bin/ld: cannot find -lxar
collect2: error: ld returned 1 exit status
ninja: build stopped: subcommand failed.


Determining if the arc4random exist failed with the following output:
Change Dir: /media/windows/win2/Research/llvm_release_build/CMakeFiles/CMakeTmp

Run Build Command:"/usr/bin/ninja" "cmTC_65bd5"
[1/2] Building C object CMakeFiles/cmTC_65bd5.dir/CheckSymbolExists.c.o
FAILED: /usr/bin/cc     -o CMakeFiles/cmTC_65bd5.dir/CheckSymbolExists.c.o   -c /media/windows/win2/Research/llvm_release_build/CMakeFiles/CMakeTmp/CheckSymbolExists.c
/media/windows/win2/Research/llvm_release_build/CMakeFiles/CMakeTmp/CheckSymbolExists.c: In function ‘main’:
/media/windows/win2/Research/llvm_release_build/CMakeFiles/CMakeTmp/CheckSymbolExists.c:8:19: error: ‘arc4random’ undeclared (first use in this function)
   return ((int*)(&arc4random))[argc];
                   ^
/media/windows/win2/Research/llvm_release_build/CMakeFiles/CMakeTmp/CheckSymbolExists.c:8:19: note: each undeclared identifier is reported only once for each function it appears in
ninja: build stopped: subcommand failed.

File /media/windows/win2/Research/llvm_release_build/CMakeFiles/CMakeTmp/CheckSymbolExists.c:
/* */
#include <stdlib.h>

int main(int argc, char** argv)
{
  (void)argv;
#ifndef arc4random
  return ((int*)(&arc4random))[argc];
#else
  (void)argc;
  return 0;
#endif
}

Determining if the mallctl exist failed with the following output:
Change Dir: /media/windows/win2/Research/llvm_release_build/CMakeFiles/CMakeTmp

Run Build Command:"/usr/bin/ninja" "cmTC_8e98f"
[1/2] Building C object CMakeFiles/cmTC_8e98f.dir/CheckSymbolExists.c.o
FAILED: /usr/bin/cc     -o CMakeFiles/cmTC_8e98f.dir/CheckSymbolExists.c.o   -c /media/windows/win2/Research/llvm_release_build/CMakeFiles/CMakeTmp/CheckSymbolExists.c
/media/windows/win2/Research/llvm_release_build/CMakeFiles/CMakeTmp/CheckSymbolExists.c:2:23: fatal error: malloc_np.h: No such file or directory
 #include <malloc_np.h>
                       ^
compilation terminated.
ninja: build stopped: subcommand failed.

File /media/windows/win2/Research/llvm_release_build/CMakeFiles/CMakeTmp/CheckSymbolExists.c:
/* */
#include <malloc_np.h>

int main(int argc, char** argv)
{
  (void)argv;
#ifndef mallctl
  return ((int*)(&mallctl))[argc];
#else
  (void)argc;
  return 0;
#endif
}

Determining if the malloc_zone_statistics exist failed with the following output:
Change Dir: /media/windows/win2/Research/llvm_release_build/CMakeFiles/CMakeTmp

Run Build Command:"/usr/bin/ninja" "cmTC_0f0a8"
[1/2] Building C object CMakeFiles/cmTC_0f0a8.dir/CheckSymbolExists.c.o
FAILED: /usr/bin/cc     -o CMakeFiles/cmTC_0f0a8.dir/CheckSymbolExists.c.o   -c /media/windows/win2/Research/llvm_release_build/CMakeFiles/CMakeTmp/CheckSymbolExists.c
/media/windows/win2/Research/llvm_release_build/CMakeFiles/CMakeTmp/CheckSymbolExists.c:2:27: fatal error: malloc/malloc.h: No such file or directory
 #include <malloc/malloc.h>
                           ^
compilation terminated.
ninja: build stopped: subcommand failed.

File /media/windows/win2/Research/llvm_release_build/CMakeFiles/CMakeTmp/CheckSymbolExists.c:
/* */
#include <malloc/malloc.h>

int main(int argc, char** argv)
{
  (void)argv;
#ifndef malloc_zone_statistics
  return ((int*)(&malloc_zone_statistics))[argc];
#else
  (void)argc;
  return 0;
#endif
}

Determining if the strerror_s exist failed with the following output:
Change Dir: /media/windows/win2/Research/llvm_release_build/CMakeFiles/CMakeTmp

Run Build Command:"/usr/bin/ninja" "cmTC_57790"
[1/2] Building C object CMakeFiles/cmTC_57790.dir/CheckSymbolExists.c.o
FAILED: /usr/bin/cc     -o CMakeFiles/cmTC_57790.dir/CheckSymbolExists.c.o   -c /media/windows/win2/Research/llvm_release_build/CMakeFiles/CMakeTmp/CheckSymbolExists.c
/media/windows/win2/Research/llvm_release_build/CMakeFiles/CMakeTmp/CheckSymbolExists.c: In function ‘main’:
/media/windows/win2/Research/llvm_release_build/CMakeFiles/CMakeTmp/CheckSymbolExists.c:8:19: error: ‘strerror_s’ undeclared (first use in this function)
   return ((int*)(&strerror_s))[argc];
                   ^
/media/windows/win2/Research/llvm_release_build/CMakeFiles/CMakeTmp/CheckSymbolExists.c:8:19: note: each undeclared identifier is reported only once for each function it appears in
ninja: build stopped: subcommand failed.

File /media/windows/win2/Research/llvm_release_build/CMakeFiles/CMakeTmp/CheckSymbolExists.c:
/* */
#include <string.h>

int main(int argc, char** argv)
{
  (void)argv;
#ifndef strerror_s
  return ((int*)(&strerror_s))[argc];
#else
  (void)argc;
  return 0;
#endif
}

Determining if the dladdr exist failed with the following output:
Change Dir: /media/windows/win2/Research/llvm_release_build/CMakeFiles/CMakeTmp

Run Build Command:"/usr/bin/ninja" "cmTC_b6000"
[1/2] Building C object CMakeFiles/cmTC_b6000.dir/CheckSymbolExists.c.o
FAILED: /usr/bin/cc     -o CMakeFiles/cmTC_b6000.dir/CheckSymbolExists.c.o   -c /media/windows/win2/Research/llvm_release_build/CMakeFiles/CMakeTmp/CheckSymbolExists.c
/media/windows/win2/Research/llvm_release_build/CMakeFiles/CMakeTmp/CheckSymbolExists.c: In function ‘main’:
/media/windows/win2/Research/llvm_release_build/CMakeFiles/CMakeTmp/CheckSymbolExists.c:8:19: error: ‘dladdr’ undeclared (first use in this function)
   return ((int*)(&dladdr))[argc];
                   ^
/media/windows/win2/Research/llvm_release_build/CMakeFiles/CMakeTmp/CheckSymbolExists.c:8:19: note: each undeclared identifier is reported only once for each function it appears in
ninja: build stopped: subcommand failed.

File /media/windows/win2/Research/llvm_release_build/CMakeFiles/CMakeTmp/CheckSymbolExists.c:
/* */
#include <dlfcn.h>

int main(int argc, char** argv)
{
  (void)argv;
#ifndef dladdr
  return ((int*)(&dladdr))[argc];
#else
  (void)argc;
  return 0;
#endif
}

Performing C++ SOURCE FILE Test SUPPORTS_GNU_ZERO_VARIADIC_MACRO_ARGUMENTS_FLAG failed with the following output:
Change Dir: /media/windows/win2/Research/llvm_release_build/CMakeFiles/CMakeTmp

Run Build Command:"/usr/bin/ninja" "cmTC_7b519"
[1/2] Building CXX object CMakeFiles/cmTC_7b519.dir/src.cxx.o
FAILED: /usr/bin/c++     -DSUPPORTS_GNU_ZERO_VARIADIC_MACRO_ARGUMENTS_FLAG   -Wgnu-zero-variadic-macro-arguments -o CMakeFiles/cmTC_7b519.dir/src.cxx.o -c /media/windows/win2/Research/llvm_release_build/CMakeFiles/CMakeTmp/src.cxx
c++: error: unrecognized command line option '-Wgnu-zero-variadic-macro-arguments'
ninja: build stopped: subcommand failed.

Source file was:
int main() { return 0; }
Performing C SOURCE FILE Test C_SUPPORTS_WERROR_DATE_TIME failed with the following output:
Change Dir: /media/windows/win2/Research/llvm_release_build/CMakeFiles/CMakeTmp

Run Build Command:"/usr/bin/ninja" "cmTC_06875"
[1/2] Building C object CMakeFiles/cmTC_06875.dir/src.c.o
FAILED: /usr/bin/cc    -fPIC -DC_SUPPORTS_WERROR_DATE_TIME   -Werror -Werror=date-time -o CMakeFiles/cmTC_06875.dir/src.c.o   -c /media/windows/win2/Research/llvm_release_build/CMakeFiles/CMakeTmp/src.c
cc1: error: -Werror=date-time: no option -Wdate-time
ninja: build stopped: subcommand failed.

Source file was:
int main(void) { return 0; }
Performing C++ SOURCE FILE Test CXX_SUPPORTS_WERROR_DATE_TIME failed with the following output:
Change Dir: /media/windows/win2/Research/llvm_release_build/CMakeFiles/CMakeTmp

Run Build Command:"/usr/bin/ninja" "cmTC_cb939"
[1/2] Building CXX object CMakeFiles/cmTC_cb939.dir/src.cxx.o
FAILED: /usr/bin/c++     -fPIC -fvisibility-inlines-hidden -DCXX_SUPPORTS_WERROR_DATE_TIME   -Werror -Werror=date-time -o CMakeFiles/cmTC_cb939.dir/src.cxx.o -c /media/windows/win2/Research/llvm_release_build/CMakeFiles/CMakeTmp/src.cxx
cc1plus: error: -Werror=date-time: no option -Wdate-time
ninja: build stopped: subcommand failed.

Source file was:
int main() { return 0; }
Performing C SOURCE FILE Test C_SUPPORTS_COVERED_SWITCH_DEFAULT_FLAG failed with the following output:
Change Dir: /media/windows/win2/Research/llvm_release_build/CMakeFiles/CMakeTmp

Run Build Command:"/usr/bin/ninja" "cmTC_e1a64"
[1/2] Building C object CMakeFiles/cmTC_e1a64.dir/src.c.o
FAILED: /usr/bin/cc    -fPIC -Wall -W -Wno-unused-parameter -Wwrite-strings -Wno-missing-field-initializers -pedantic -Wno-long-long -DC_SUPPORTS_COVERED_SWITCH_DEFAULT_FLAG   -Werror -Wcovered-switch-default -o CMakeFiles/cmTC_e1a64.dir/src.c.o   -c /media/windows/win2/Research/llvm_release_build/CMakeFiles/CMakeTmp/src.c
cc: error: unrecognized command line option '-Wcovered-switch-default'
ninja: build stopped: subcommand failed.

Source file was:
int main(void) { return 0; }
Performing C++ SOURCE FILE Test CXX_SUPPORTS_COVERED_SWITCH_DEFAULT_FLAG failed with the following output:
Change Dir: /media/windows/win2/Research/llvm_release_build/CMakeFiles/CMakeTmp

Run Build Command:"/usr/bin/ninja" "cmTC_a6c69"
[1/2] Building CXX object CMakeFiles/cmTC_a6c69.dir/src.cxx.o
FAILED: /usr/bin/c++     -fPIC -fvisibility-inlines-hidden -std=c++11 -Wall -W -Wno-unused-parameter -Wwrite-strings -Wcast-qual -Wno-missing-field-initializers -pedantic -Wno-long-long -DCXX_SUPPORTS_COVERED_SWITCH_DEFAULT_FLAG   -Werror -Wcovered-switch-default -o CMakeFiles/cmTC_a6c69.dir/src.cxx.o -c /media/windows/win2/Research/llvm_release_build/CMakeFiles/CMakeTmp/src.cxx
c++: error: unrecognized command line option '-Wcovered-switch-default'
ninja: build stopped: subcommand failed.

Source file was:
int main() { return 0; }
Performing C SOURCE FILE Test C_SUPPORTS_DELETE_NON_VIRTUAL_DTOR_FLAG failed with the following output:
Change Dir: /media/windows/win2/Research/llvm_release_build/CMakeFiles/CMakeTmp

Run Build Command:"/usr/bin/ninja" "cmTC_ffe9e"
[1/2] Building C object CMakeFiles/cmTC_ffe9e.dir/src.c.o
FAILED: /usr/bin/cc    -fPIC -Wall -W -Wno-unused-parameter -Wwrite-strings -Wno-missing-field-initializers -pedantic -Wno-long-long -DC_SUPPORTS_DELETE_NON_VIRTUAL_DTOR_FLAG   -Werror -Wdelete-non-virtual-dtor -o CMakeFiles/cmTC_ffe9e.dir/src.c.o   -c /media/windows/win2/Research/llvm_release_build/CMakeFiles/CMakeTmp/src.c
cc1: error: command line option '-Wdelete-non-virtual-dtor' is valid for C++/ObjC++ but not for C [-Werror]
cc1: all warnings being treated as errors
ninja: build stopped: subcommand failed.

Source file was:
int main(void) { return 0; }
Performing C SOURCE FILE Test C_WCOMMENT_ALLOWS_LINE_WRAP failed with the following output:
Change Dir: /media/windows/win2/Research/llvm_release_build/CMakeFiles/CMakeTmp

Run Build Command:"/usr/bin/ninja" "cmTC_247fe"
[1/2] Building C object CMakeFiles/cmTC_247fe.dir/src.c.o
FAILED: /usr/bin/cc    -fPIC -Wall -W -Wno-unused-parameter -Wwrite-strings -Wno-missing-field-initializers -pedantic -Wno-long-long -DC_WCOMMENT_ALLOWS_LINE_WRAP  -Werror -Wcomment -o CMakeFiles/cmTC_247fe.dir/src.c.o   -c /media/windows/win2/Research/llvm_release_build/CMakeFiles/CMakeTmp/src.c
/media/windows/win2/Research/llvm_release_build/CMakeFiles/CMakeTmp/src.c:1:1: error: C++ style comments are not allowed in ISO C90 [-Werror]
 // \
 ^
/media/windows/win2/Research/llvm_release_build/CMakeFiles/CMakeTmp/src.c:1:1: error: (this will be reported only once per input file) [-Werror]
/media/windows/win2/Research/llvm_release_build/CMakeFiles/CMakeTmp/src.c:1:1: error: multi-line comment [-Werror=comment]
cc1: all warnings being treated as errors
ninja: build stopped: subcommand failed.

Source file was:
// \
//
int main() {return 0;}
Performing C SOURCE FILE Test C_SUPPORTS_STRING_CONVERSION_FLAG failed with the following output:
Change Dir: /media/windows/win2/Research/llvm_release_build/CMakeFiles/CMakeTmp

Run Build Command:"/usr/bin/ninja" "cmTC_f5c1a"
[1/2] Building C object CMakeFiles/cmTC_f5c1a.dir/src.c.o
FAILED: /usr/bin/cc    -fPIC -Wall -W -Wno-unused-parameter -Wwrite-strings -Wno-missing-field-initializers -pedantic -Wno-long-long -Wno-comment -DC_SUPPORTS_STRING_CONVERSION_FLAG   -Werror -Wstring-conversion -o CMakeFiles/cmTC_f5c1a.dir/src.c.o   -c /media/windows/win2/Research/llvm_release_build/CMakeFiles/CMakeTmp/src.c
cc: error: unrecognized command line option '-Wstring-conversion'
ninja: build stopped: subcommand failed.

Source file was:
int main(void) { return 0; }
Performing C++ SOURCE FILE Test CXX_SUPPORTS_STRING_CONVERSION_FLAG failed with the following output:
Change Dir: /media/windows/win2/Research/llvm_release_build/CMakeFiles/CMakeTmp

Run Build Command:"/usr/bin/ninja" "cmTC_6e6ee"
[1/2] Building CXX object CMakeFiles/cmTC_6e6ee.dir/src.cxx.o
FAILED: /usr/bin/c++     -fPIC -fvisibility-inlines-hidden -std=c++11 -Wall -W -Wno-unused-parameter -Wwrite-strings -Wcast-qual -Wno-missing-field-initializers -pedantic -Wno-long-long -Wno-maybe-uninitialized -Wdelete-non-virtual-dtor -Wno-comment -DCXX_SUPPORTS_STRING_CONVERSION_FLAG   -Werror -Wstring-conversion -o CMakeFiles/cmTC_6e6ee.dir/src.cxx.o -c /media/windows/win2/Research/llvm_release_build/CMakeFiles/CMakeTmp/src.cxx
c++: error: unrecognized command line option '-Wstring-conversion'
ninja: build stopped: subcommand failed.

Source file was:
int main() { return 0; }
Performing C++ SOURCE FILE Test LINKER_SUPPORTS_COLOR_DIAGNOSTICS failed with the following output:
Change Dir: /media/windows/win2/Research/llvm_release_build/CMakeFiles/CMakeTmp

Run Build Command:"/usr/bin/ninja" "cmTC_661df"
[1/2] Building CXX object CMakeFiles/cmTC_661df.dir/src.cxx.o
[2/2] Linking CXX executable cmTC_661df
FAILED: : && /usr/bin/c++   -fPIC -fvisibility-inlines-hidden -std=c++11 -Wall -W -Wno-unused-parameter -Wwrite-strings -Wcast-qual -Wno-missing-field-initializers -pedantic -Wno-long-long -Wno-maybe-uninitialized -Wdelete-non-virtual-dtor -Wno-comment -DLINKER_SUPPORTS_COLOR_DIAGNOSTICS  -Wl,-color-diagnostics   CMakeFiles/cmTC_661df.dir/src.cxx.o  -o cmTC_661df  -lm && :
/usr/bin/ld: cannot open linker script file olor-diagnostics: No such file or directory
collect2: error: ld returned 1 exit status
ninja: build stopped: subcommand failed.

Source file was:
int main() { return 0; }
